<?xml version="1.0" encoding="UTF-8"?>
<!-- Generated by org.testng.reporters.JUnitReportReporter -->
<testsuite skipped="0" hostname="BSC-PF10PQNE" name="testCases.PutRequest" tests="1" failures="0" timestamp="01 Nov 2020 03:21:04 GMT" time="0.815" errors="0">
  <testcase name="verifyPutRequest" time="0.815" classname="testCases.PutRequest"/>
</testsuite> <!-- testCases.PutRequest -->
