<?xml version="1.0" encoding="UTF-8"?>
<!-- Generated by org.testng.reporters.JUnitReportReporter -->
<testsuite skipped="0" hostname="BSC-PF10PQNE" name="testCases.PostRequest" tests="1" failures="0" timestamp="01 Nov 2020 03:21:04 GMT" time="0.919" errors="0">
  <testcase name="verifyPostRequest" time="0.919" classname="testCases.PostRequest"/>
</testsuite> <!-- testCases.PostRequest -->
