<?xml version="1.0" encoding="UTF-8"?>
<!-- Generated by org.testng.reporters.JUnitReportReporter -->
<testsuite skipped="0" hostname="BSC-PF10PQNE" name="testCases.PutRequest" tests="1" failures="0" timestamp="01 Nov 2020 10:37:31 GMT" time="1.077" errors="0">
  <testcase name="verifyPutRequest" time="1.077" classname="testCases.PutRequest"/>
</testsuite> <!-- testCases.PutRequest -->
