<?xml version="1.0" encoding="UTF-8"?>
<!-- Generated by org.testng.reporters.JUnitReportReporter -->
<testsuite skipped="0" hostname="BSC-PF10PQNE" name="testCases.GetRequest" tests="3" failures="0" timestamp="31 Oct 2020 05:00:23 GMT" time="4.179" errors="0">
  <testcase name="verifyInvalidGetRequest" time="1.031" classname="testCases.GetRequest"/>
  <testcase name="verifyOnlyOneRecordIsBeingReturned" time="0.380" classname="testCases.GetRequest"/>
  <testcase name="verifyAtlestHundredRecordsAreBeingReturned" time="2.768" classname="testCases.GetRequest"/>
</testsuite> <!-- testCases.GetRequest -->
