<?xml version="1.0" encoding="UTF-8"?>
<!-- Generated by org.testng.reporters.JUnitReportReporter -->
<testsuite skipped="0" hostname="BSC-PF10PQNE" name="Reflektion.org.Reflektion.BasePage" tests="3" failures="0" timestamp="30 Oct 2020 14:59:54 GMT" time="5.104" errors="0">
  <testcase name="verifyAtlestHundredRecordsAreBeingReturned" time="3.213" classname="Reflektion.org.Reflektion.BasePage"/>
  <testcase name="verifyOnlyOneRecordIsBeingReturned" time="0.927" classname="Reflektion.org.Reflektion.BasePage"/>
  <testcase name="verifyInvalidGetRequest" time="0.964" classname="Reflektion.org.Reflektion.BasePage"/>
</testsuite> <!-- Reflektion.org.Reflektion.BasePage -->
