<?xml version="1.0" encoding="UTF-8"?>
<!-- Generated by org.testng.reporters.JUnitReportReporter -->
<testsuite skipped="0" hostname="BSC-PF10PQNE" name="testCases.PostRequest" tests="1" failures="0" timestamp="31 Oct 2020 05:07:13 GMT" time="4.041" errors="0">
  <testcase name="verifyAtlestHundredRecordsAreBeingReturned" time="4.041" classname="testCases.PostRequest"/>
</testsuite> <!-- testCases.PostRequest -->
