<?xml version="1.0" encoding="UTF-8"?>
<!-- Generated by org.testng.reporters.JUnitReportReporter -->
<testsuite skipped="0" hostname="BSC-PF10PQNE" name="testCases.GetRequest" tests="3" failures="0" timestamp="01 Nov 2020 03:21:04 GMT" time="3.627" errors="0">
  <testcase name="verifyAtlestHundredRecordsAreBeingReturned" time="2.883" classname="testCases.GetRequest"/>
  <testcase name="verifyOnlyOneRecordIsBeingReturned" time="0.367" classname="testCases.GetRequest"/>
  <testcase name="verifyInvalidGetRequest" time="0.377" classname="testCases.GetRequest"/>
</testsuite> <!-- testCases.GetRequest -->
