<?xml version="1.0" encoding="UTF-8"?>
<!-- Generated by org.testng.reporters.JUnitReportReporter -->
<testsuite skipped="0" hostname="BSC-PF10PQNE" name="testCases.GetRequest" tests="3" failures="0" timestamp="01 Nov 2020 10:37:31 GMT" time="4.850" errors="0">
  <testcase name="verifyInvalidGetRequest" time="0.984" classname="testCases.GetRequest"/>
  <testcase name="verifyOnlyOneRecordIsBeingReturned" time="0.685" classname="testCases.GetRequest"/>
  <testcase name="verifyAtlestHundredRecordsAreBeingReturned" time="3.181" classname="testCases.GetRequest"/>
</testsuite> <!-- testCases.GetRequest -->
