<?xml version="1.0" encoding="UTF-8"?>
<!-- Generated by org.testng.reporters.JUnitReportReporter -->
<testsuite skipped="0" hostname="BSC-PF10PQNE" name="testCases.DeleteRequest" tests="1" failures="0" timestamp="01 Nov 2020 06:06:52 GMT" time="4.140" errors="0">
  <testcase name="verifyDeleteRequest" time="4.140" classname="testCases.DeleteRequest"/>
</testsuite> <!-- testCases.DeleteRequest -->
